{"/home/magpiny/Documents/Devs/JavaScript/JSRefresher/functions.js": {"path":"/home/magpiny/Documents/Devs/JavaScript/JSRefresher/functions.js","statementMap":{"0":{"start":{"line":35,"column":0},"end":{"line":35,"column":47}},"1":{"start":{"line":35,"column":10},"end":{"line":35,"column":37}},"2":{"start":{"line":37,"column":0},"end":{"line":39,"column":11}},"3":{"start":{"line":38,"column":2},"end":{"line":38,"column":30}},"4":{"start":{"line":43,"column":10},"end":{"line":45,"column":1}},"5":{"start":{"line":44,"column":2},"end":{"line":44,"column":21}},"6":{"start":{"line":46,"column":0},"end":{"line":46,"column":56}},"7":{"start":{"line":53,"column":14},"end":{"line":56,"column":1}},"8":{"start":{"line":54,"column":2},"end":{"line":54,"column":60}},"9":{"start":{"line":54,"column":35},"end":{"line":54,"column":40}},"10":{"start":{"line":58,"column":0},"end":{"line":58,"column":38}},"11":{"start":{"line":63,"column":2},"end":{"line":63,"column":19}},"12":{"start":{"line":64,"column":2},"end":{"line":64,"column":17}},"13":{"start":{"line":65,"column":2},"end":{"line":67,"column":4}},"14":{"start":{"line":66,"column":4},"end":{"line":66,"column":58}},"15":{"start":{"line":68,"column":2},"end":{"line":68,"column":24}},"16":{"start":{"line":70,"column":0},"end":{"line":70,"column":34}},"17":{"start":{"line":73,"column":0},"end":{"line":73,"column":43}},"18":{"start":{"line":74,"column":0},"end":{"line":74,"column":42}},"19":{"start":{"line":76,"column":14},"end":{"line":76,"column":37}},"20":{"start":{"line":77,"column":0},"end":{"line":77,"column":31}},"21":{"start":{"line":86,"column":19},"end":{"line":86,"column":59}},"22":{"start":{"line":87,"column":0},"end":{"line":87,"column":34}},"23":{"start":{"line":92,"column":0},"end":{"line":92,"column":41}}},"fnMap":{"0":{"name":"(anonymous_0)","decl":{"start":{"line":35,"column":1},"end":{"line":35,"column":2}},"loc":{"start":{"line":35,"column":10},"end":{"line":35,"column":37}},"line":35},"1":{"name":"(anonymous_1)","decl":{"start":{"line":37,"column":1},"end":{"line":37,"column":2}},"loc":{"start":{"line":37,"column":16},"end":{"line":39,"column":1}},"line":37},"2":{"name":"(anonymous_2)","decl":{"start":{"line":43,"column":10},"end":{"line":43,"column":11}},"loc":{"start":{"line":43,"column":22},"end":{"line":45,"column":1}},"line":43},"3":{"name":"(anonymous_3)","decl":{"start":{"line":53,"column":14},"end":{"line":53,"column":15}},"loc":{"start":{"line":53,"column":33},"end":{"line":56,"column":1}},"line":53},"4":{"name":"(anonymous_4)","decl":{"start":{"line":54,"column":25},"end":{"line":54,"column":26}},"loc":{"start":{"line":54,"column":35},"end":{"line":54,"column":40}},"line":54},"5":{"name":"Somebody","decl":{"start":{"line":62,"column":9},"end":{"line":62,"column":17}},"loc":{"start":{"line":62,"column":29},"end":{"line":69,"column":1}},"line":62},"6":{"name":"(anonymous_6)","decl":{"start":{"line":65,"column":17},"end":{"line":65,"column":18}},"loc":{"start":{"line":65,"column":29},"end":{"line":67,"column":3}},"line":65}},"branchMap":{},"s":{"0":1,"1":1,"2":1,"3":1,"4":1,"5":1,"6":1,"7":1,"8":2,"9":8,"10":1,"11":4,"12":4,"13":4,"14":5,"15":4,"16":1,"17":1,"18":1,"19":1,"20":1,"21":1,"22":1,"23":1},"f":{"0":1,"1":1,"2":1,"3":2,"4":8,"5":4,"6":5},"b":{},"_coverageSchema":"1a1c01bbd47fc00a2c39e90264f33305004495a9","hash":"eb91361de58f57b949ab5cb395ce34ddc8ba88cc"}
}
