TN:
SF:functions.js
FN:35,(anonymous_0)
FN:37,(anonymous_1)
FN:43,(anonymous_2)
FN:53,(anonymous_3)
FN:54,(anonymous_4)
FN:62,Somebody
FN:65,(anonymous_6)
FNF:7
FNH:7
FNDA:1,(anonymous_0)
FNDA:1,(anonymous_1)
FNDA:1,(anonymous_2)
FNDA:2,(anonymous_3)
FNDA:8,(anonymous_4)
FNDA:4,Somebody
FNDA:5,(anonymous_6)
DA:35,1
DA:37,1
DA:38,1
DA:43,1
DA:44,1
DA:46,1
DA:53,1
DA:54,8
DA:58,1
DA:63,4
DA:64,4
DA:65,4
DA:66,5
DA:68,4
DA:70,1
DA:73,1
DA:74,1
DA:76,1
DA:77,1
DA:86,1
DA:87,1
DA:92,1
LF:22
LH:22
BRF:0
BRH:0
end_of_record
